----------------------------------------------------------------
Tue Jun 14 14:26:50 IST 2022:
Booting Derby version The Apache Software Foundation - Apache Derby - 10.14.2.0 - (1828579): instance a816c00e-0181-616e-0886-00000227c2c8 
on database directory memory:C:\Users\pb67966\Downloads\javabatch020622-master (3)\javabatch020622-master\spring-boot-demo\1e64be12-a5fa-432d-92fa-d5946d3396ed with class loader jdk.internal.loader.ClassLoaders$AppClassLoader@2f333739 
Loaded from file:/C:/Users/pb67966/.m2/repository/org/apache/derby/derby/10.14.2.0/derby-10.14.2.0.jar
java.vendor=Eclipse Adoptium
java.runtime.version=17.0.2+8
user.dir=C:\Users\pb67966\Downloads\javabatch020622-master (3)\javabatch020622-master\spring-boot-demo
os.name=Windows 10
os.arch=amd64
os.version=10.0
derby.system.home=null
Database Class Loader started - derby.database.classpath=''
----------------------------------------------------------------
Tue Jun 14 14:50:10 IST 2022:
Shutting down instance a816c00e-0181-616e-0886-00000227c2c8 on database directory memory:C:\Users\pb67966\Downloads\javabatch020622-master (3)\javabatch020622-master\spring-boot-demo\1e64be12-a5fa-432d-92fa-d5946d3396ed with class loader jdk.internal.loader.ClassLoaders$AppClassLoader@2f333739 
----------------------------------------------------------------
Tue Jun 14 14:50:12 IST 2022:
Booting Derby version The Apache Software Foundation - Apache Derby - 10.14.2.0 - (1828579): instance 67bb80b4-0181-616e-0886-00000227c2c8 
on database directory memory:C:\Users\pb67966\Downloads\javabatch020622-master (3)\javabatch020622-master\spring-boot-demo\6c5a9565-f3e9-4b30-8935-50bf8dd6932e with class loader jdk.internal.loader.ClassLoaders$AppClassLoader@2f333739 
Loaded from file:/C:/Users/pb67966/.m2/repository/org/apache/derby/derby/10.14.2.0/derby-10.14.2.0.jar
java.vendor=Eclipse Adoptium
java.runtime.version=17.0.2+8
user.dir=C:\Users\pb67966\Downloads\javabatch020622-master (3)\javabatch020622-master\spring-boot-demo
os.name=Windows 10
os.arch=amd64
os.version=10.0
derby.system.home=null
Database Class Loader started - derby.database.classpath=''
----------------------------------------------------------------
Tue Jun 14 14:50:14 IST 2022:
Shutting down instance 67bb80b4-0181-616e-0886-00000227c2c8 on database directory memory:C:\Users\pb67966\Downloads\javabatch020622-master (3)\javabatch020622-master\spring-boot-demo\6c5a9565-f3e9-4b30-8935-50bf8dd6932e with class loader jdk.internal.loader.ClassLoaders$AppClassLoader@2f333739 
----------------------------------------------------------------
Tue Jun 14 14:50:15 IST 2022:
Booting Derby version The Apache Software Foundation - Apache Derby - 10.14.2.0 - (1828579): instance 0249415a-0181-616e-0886-00000227c2c8 
on database directory memory:C:\Users\pb67966\Downloads\javabatch020622-master (3)\javabatch020622-master\spring-boot-demo\c9c8054a-46e5-4606-a991-705b5952cdaa with class loader jdk.internal.loader.ClassLoaders$AppClassLoader@2f333739 
Loaded from file:/C:/Users/pb67966/.m2/repository/org/apache/derby/derby/10.14.2.0/derby-10.14.2.0.jar
java.vendor=Eclipse Adoptium
java.runtime.version=17.0.2+8
user.dir=C:\Users\pb67966\Downloads\javabatch020622-master (3)\javabatch020622-master\spring-boot-demo
os.name=Windows 10
os.arch=amd64
os.version=10.0
derby.system.home=null
Database Class Loader started - derby.database.classpath=''
----------------------------------------------------------------
Tue Jun 14 14:50:34 IST 2022:
Shutting down instance 0249415a-0181-616e-0886-00000227c2c8 on database directory memory:C:\Users\pb67966\Downloads\javabatch020622-master (3)\javabatch020622-master\spring-boot-demo\c9c8054a-46e5-4606-a991-705b5952cdaa with class loader jdk.internal.loader.ClassLoaders$AppClassLoader@2f333739 
----------------------------------------------------------------
Tue Jun 14 14:50:35 IST 2022:
Booting Derby version The Apache Software Foundation - Apache Derby - 10.14.2.0 - (1828579): instance f7c00200-0181-616e-0886-00000227c2c8 
on database directory memory:C:\Users\pb67966\Downloads\javabatch020622-master (3)\javabatch020622-master\spring-boot-demo\3ee4166a-885a-4864-945b-ee41bd14c114 with class loader jdk.internal.loader.ClassLoaders$AppClassLoader@2f333739 
Loaded from file:/C:/Users/pb67966/.m2/repository/org/apache/derby/derby/10.14.2.0/derby-10.14.2.0.jar
java.vendor=Eclipse Adoptium
java.runtime.version=17.0.2+8
user.dir=C:\Users\pb67966\Downloads\javabatch020622-master (3)\javabatch020622-master\spring-boot-demo
os.name=Windows 10
os.arch=amd64
os.version=10.0
derby.system.home=null
Database Class Loader started - derby.database.classpath=''
----------------------------------------------------------------
Tue Jun 14 14:50:38 IST 2022:
Shutting down instance f7c00200-0181-616e-0886-00000227c2c8 on database directory memory:C:\Users\pb67966\Downloads\javabatch020622-master (3)\javabatch020622-master\spring-boot-demo\3ee4166a-885a-4864-945b-ee41bd14c114 with class loader jdk.internal.loader.ClassLoaders$AppClassLoader@2f333739 
----------------------------------------------------------------
Tue Jun 14 14:50:39 IST 2022:
Booting Derby version The Apache Software Foundation - Apache Derby - 10.14.2.0 - (1828579): instance c81fc2a6-0181-616e-0886-00000227c2c8 
on database directory memory:C:\Users\pb67966\Downloads\javabatch020622-master (3)\javabatch020622-master\spring-boot-demo\b8e9754e-a70f-4e95-9454-28a8ef1aaa75 with class loader jdk.internal.loader.ClassLoaders$AppClassLoader@2f333739 
Loaded from file:/C:/Users/pb67966/.m2/repository/org/apache/derby/derby/10.14.2.0/derby-10.14.2.0.jar
java.vendor=Eclipse Adoptium
java.runtime.version=17.0.2+8
user.dir=C:\Users\pb67966\Downloads\javabatch020622-master (3)\javabatch020622-master\spring-boot-demo
os.name=Windows 10
os.arch=amd64
os.version=10.0
derby.system.home=null
Database Class Loader started - derby.database.classpath=''
----------------------------------------------------------------
Tue Jun 14 14:53:22 IST 2022:
Shutting down instance c81fc2a6-0181-616e-0886-00000227c2c8 on database directory memory:C:\Users\pb67966\Downloads\javabatch020622-master (3)\javabatch020622-master\spring-boot-demo\b8e9754e-a70f-4e95-9454-28a8ef1aaa75 with class loader jdk.internal.loader.ClassLoaders$AppClassLoader@2f333739 
